<?xml version="1.0" encoding="UTF-8"?>
<testsuite xmlns:xsi="http://www.w3.org/2001/XMLSchema-instance" xsi:noNamespaceSchemaLocation="https://maven.apache.org/surefire/maven-surefire-plugin/xsd/surefire-test-report.xsd" name="TestDAO" time="2.534" tests="5" errors="0" skipped="0" failures="0">
  <properties>
    <property name="gopherProxySet" value="false"/>
    <property name="awt.toolkit" value="sun.lwawt.macosx.LWCToolkit"/>
    <property name="file.encoding.pkg" value="sun.io"/>
    <property name="java.specification.version" value="1.8"/>
    <property name="sun.cpu.isalist" value=""/>
    <property name="sun.jnu.encoding" value="UTF-8"/>
    <property name="java.class.path" value="/Users/bogdanpopescu/Documents/Documents – Bogdan’s MacBook Pro/MDX/Year 3/CST3130 -  Advanced Web Development with Big Data/cw1/code/coursework1/target/test-classes:/Users/bogdanpopescu/Documents/Documents – Bogdan’s MacBook Pro/MDX/Year 3/CST3130 -  Advanced Web Development with Big Data/cw1/code/coursework1/target/classes:/Users/bogdanpopescu/.m2/repository/org/jsoup/jsoup/1.14.3/jsoup-1.14.3.jar:/Users/bogdanpopescu/.m2/repository/org/tinylog/tinylog-api/2.1.2/tinylog-api-2.1.2.jar:/Users/bogdanpopescu/.m2/repository/org/tinylog/tinylog-impl/2.1.2/tinylog-impl-2.1.2.jar:/Users/bogdanpopescu/.m2/repository/org/junit/jupiter/junit-jupiter-api/5.8.1/junit-jupiter-api-5.8.1.jar:/Users/bogdanpopescu/.m2/repository/org/opentest4j/opentest4j/1.2.0/opentest4j-1.2.0.jar:/Users/bogdanpopescu/.m2/repository/org/junit/platform/junit-platform-commons/1.8.1/junit-platform-commons-1.8.1.jar:/Users/bogdanpopescu/.m2/repository/org/apiguardian/apiguardian-api/1.1.2/apiguardian-api-1.1.2.jar:/Users/bogdanpopescu/.m2/repository/org/springframework/spring-context/5.3.0/spring-context-5.3.0.jar:/Users/bogdanpopescu/.m2/repository/org/springframework/spring-aop/5.3.0/spring-aop-5.3.0.jar:/Users/bogdanpopescu/.m2/repository/org/springframework/spring-beans/5.3.0/spring-beans-5.3.0.jar:/Users/bogdanpopescu/.m2/repository/org/springframework/spring-core/5.3.0/spring-core-5.3.0.jar:/Users/bogdanpopescu/.m2/repository/org/springframework/spring-jcl/5.3.0/spring-jcl-5.3.0.jar:/Users/bogdanpopescu/.m2/repository/org/springframework/spring-expression/5.3.0/spring-expression-5.3.0.jar:/Users/bogdanpopescu/.m2/repository/org/hibernate/hibernate-core/5.4.23.Final/hibernate-core-5.4.23.Final.jar:/Users/bogdanpopescu/.m2/repository/org/jboss/logging/jboss-logging/3.4.1.Final/jboss-logging-3.4.1.Final.jar:/Users/bogdanpopescu/.m2/repository/javax/persistence/javax.persistence-api/2.2/javax.persistence-api-2.2.jar:/Users/bogdanpopescu/.m2/repository/org/javassist/javassist/3.24.0-GA/javassist-3.24.0-GA.jar:/Users/bogdanpopescu/.m2/repository/net/bytebuddy/byte-buddy/1.10.17/byte-buddy-1.10.17.jar:/Users/bogdanpopescu/.m2/repository/antlr/antlr/2.7.7/antlr-2.7.7.jar:/Users/bogdanpopescu/.m2/repository/org/jboss/spec/javax/transaction/jboss-transaction-api_1.2_spec/1.1.1.Final/jboss-transaction-api_1.2_spec-1.1.1.Final.jar:/Users/bogdanpopescu/.m2/repository/org/jboss/jandex/2.1.3.Final/jandex-2.1.3.Final.jar:/Users/bogdanpopescu/.m2/repository/com/fasterxml/classmate/1.5.1/classmate-1.5.1.jar:/Users/bogdanpopescu/.m2/repository/javax/activation/javax.activation-api/1.2.0/javax.activation-api-1.2.0.jar:/Users/bogdanpopescu/.m2/repository/org/dom4j/dom4j/2.1.3/dom4j-2.1.3.jar:/Users/bogdanpopescu/.m2/repository/org/hibernate/common/hibernate-commons-annotations/5.1.2.Final/hibernate-commons-annotations-5.1.2.Final.jar:/Users/bogdanpopescu/.m2/repository/javax/xml/bind/jaxb-api/2.3.1/jaxb-api-2.3.1.jar:/Users/bogdanpopescu/.m2/repository/org/glassfish/jaxb/jaxb-runtime/2.3.1/jaxb-runtime-2.3.1.jar:/Users/bogdanpopescu/.m2/repository/org/glassfish/jaxb/txw2/2.3.1/txw2-2.3.1.jar:/Users/bogdanpopescu/.m2/repository/com/sun/istack/istack-commons-runtime/3.0.7/istack-commons-runtime-3.0.7.jar:/Users/bogdanpopescu/.m2/repository/org/jvnet/staxex/stax-ex/1.8/stax-ex-1.8.jar:/Users/bogdanpopescu/.m2/repository/com/sun/xml/fastinfoset/FastInfoset/1.2.15/FastInfoset-1.2.15.jar:/Users/bogdanpopescu/.m2/repository/mysql/mysql-connector-java/8.0.22/mysql-connector-java-8.0.22.jar:/Users/bogdanpopescu/.m2/repository/com/google/protobuf/protobuf-java/3.11.4/protobuf-java-3.11.4.jar:/Users/bogdanpopescu/.m2/repository/org/seleniumhq/selenium/selenium-java/4.0.0-alpha-7/selenium-java-4.0.0-alpha-7.jar:/Users/bogdanpopescu/.m2/repository/org/seleniumhq/selenium/selenium-api/4.0.0-alpha-7/selenium-api-4.0.0-alpha-7.jar:/Users/bogdanpopescu/.m2/repository/org/seleniumhq/selenium/selenium-chrome-driver/4.0.0-alpha-7/selenium-chrome-driver-4.0.0-alpha-7.jar:/Users/bogdanpopescu/.m2/repository/com/google/auto/service/auto-service-annotations/1.0-rc7/auto-service-annotations-1.0-rc7.jar:/Users/bogdanpopescu/.m2/repository/com/google/auto/service/auto-service/1.0-rc7/auto-service-1.0-rc7.jar:/Users/bogdanpopescu/.m2/repository/com/google/auto/auto-common/0.10/auto-common-0.10.jar:/Users/bogdanpopescu/.m2/repository/com/google/guava/guava/30.0-jre/guava-30.0-jre.jar:/Users/bogdanpopescu/.m2/repository/com/google/guava/failureaccess/1.0.1/failureaccess-1.0.1.jar:/Users/bogdanpopescu/.m2/repository/com/google/guava/listenablefuture/9999.0-empty-to-avoid-conflict-with-guava/listenablefuture-9999.0-empty-to-avoid-conflict-with-guava.jar:/Users/bogdanpopescu/.m2/repository/com/google/code/findbugs/jsr305/3.0.2/jsr305-3.0.2.jar:/Users/bogdanpopescu/.m2/repository/org/checkerframework/checker-qual/3.5.0/checker-qual-3.5.0.jar:/Users/bogdanpopescu/.m2/repository/com/google/errorprone/error_prone_annotations/2.3.4/error_prone_annotations-2.3.4.jar:/Users/bogdanpopescu/.m2/repository/com/google/j2objc/j2objc-annotations/1.3/j2objc-annotations-1.3.jar:/Users/bogdanpopescu/.m2/repository/org/seleniumhq/selenium/selenium-chromium-driver/4.0.0-alpha-7/selenium-chromium-driver-4.0.0-alpha-7.jar:/Users/bogdanpopescu/.m2/repository/org/seleniumhq/selenium/selenium-devtools/4.0.0-alpha-7/selenium-devtools-4.0.0-alpha-7.jar:/Users/bogdanpopescu/.m2/repository/org/seleniumhq/selenium/selenium-http/4.0.0-alpha-7/selenium-http-4.0.0-alpha-7.jar:/Users/bogdanpopescu/.m2/repository/org/seleniumhq/selenium/selenium-json/4.0.0-alpha-7/selenium-json-4.0.0-alpha-7.jar:/Users/bogdanpopescu/.m2/repository/org/seleniumhq/selenium/selenium-devtools-v84/4.0.0-alpha-7/selenium-devtools-v84-4.0.0-alpha-7.jar:/Users/bogdanpopescu/.m2/repository/org/seleniumhq/selenium/selenium-devtools-v85/4.0.0-alpha-7/selenium-devtools-v85-4.0.0-alpha-7.jar:/Users/bogdanpopescu/.m2/repository/org/seleniumhq/selenium/selenium-devtools-v86/4.0.0-alpha-7/selenium-devtools-v86-4.0.0-alpha-7.jar:/Users/bogdanpopescu/.m2/repository/org/seleniumhq/selenium/selenium-devtools-v87/4.0.0-alpha-7/selenium-devtools-v87-4.0.0-alpha-7.jar:/Users/bogdanpopescu/.m2/repository/org/seleniumhq/selenium/selenium-edge-driver/4.0.0-alpha-7/selenium-edge-driver-4.0.0-alpha-7.jar:/Users/bogdanpopescu/.m2/repository/org/seleniumhq/selenium/selenium-edgehtml-driver/4.0.0-alpha-7/selenium-edgehtml-driver-4.0.0-alpha-7.jar:/Users/bogdanpopescu/.m2/repository/org/seleniumhq/selenium/selenium-firefox-driver/4.0.0-alpha-7/selenium-firefox-driver-4.0.0-alpha-7.jar:/Users/bogdanpopescu/.m2/repository/org/seleniumhq/selenium/selenium-firefox-xpi-driver/4.0.0-alpha-7/selenium-firefox-xpi-driver-4.0.0-alpha-7.jar:/Users/bogdanpopescu/.m2/repository/org/seleniumhq/selenium/selenium-ie-driver/4.0.0-alpha-7/selenium-ie-driver-4.0.0-alpha-7.jar:/Users/bogdanpopescu/.m2/repository/org/seleniumhq/selenium/selenium-opera-driver/4.0.0-alpha-7/selenium-opera-driver-4.0.0-alpha-7.jar:/Users/bogdanpopescu/.m2/repository/org/seleniumhq/selenium/selenium-remote-driver/4.0.0-alpha-7/selenium-remote-driver-4.0.0-alpha-7.jar:/Users/bogdanpopescu/.m2/repository/com/typesafe/netty/netty-reactive-streams/2.0.4/netty-reactive-streams-2.0.4.jar:/Users/bogdanpopescu/.m2/repository/io/netty/netty-handler/4.1.43.Final/netty-handler-4.1.43.Final.jar:/Users/bogdanpopescu/.m2/repository/org/reactivestreams/reactive-streams/1.0.3/reactive-streams-1.0.3.jar:/Users/bogdanpopescu/.m2/repository/io/grpc/grpc-context/1.32.1/grpc-context-1.32.1.jar:/Users/bogdanpopescu/.m2/repository/io/netty/netty-buffer/4.1.53.Final/netty-buffer-4.1.53.Final.jar:/Users/bogdanpopescu/.m2/repository/io/netty/netty-codec-http/4.1.53.Final/netty-codec-http-4.1.53.Final.jar:/Users/bogdanpopescu/.m2/repository/io/netty/netty-codec/4.1.53.Final/netty-codec-4.1.53.Final.jar:/Users/bogdanpopescu/.m2/repository/io/netty/netty-common/4.1.53.Final/netty-common-4.1.53.Final.jar:/Users/bogdanpopescu/.m2/repository/io/netty/netty-transport-native-epoll/4.1.53.Final/netty-transport-native-epoll-4.1.53.Final.jar:/Users/bogdanpopescu/.m2/repository/io/netty/netty-transport-native-epoll/4.1.53.Final/netty-transport-native-epoll-4.1.53.Final-linux-x86_64.jar:/Users/bogdanpopescu/.m2/repository/io/netty/netty-transport-native-kqueue/4.1.53.Final/netty-transport-native-kqueue-4.1.53.Final.jar:/Users/bogdanpopescu/.m2/repository/io/netty/netty-transport-native-kqueue/4.1.53.Final/netty-transport-native-kqueue-4.1.53.Final-osx-x86_64.jar:/Users/bogdanpopescu/.m2/repository/io/netty/netty-transport-native-unix-common/4.1.53.Final/netty-transport-native-unix-common-4.1.53.Final.jar:/Users/bogdanpopescu/.m2/repository/io/netty/netty-transport/4.1.53.Final/netty-transport-4.1.53.Final.jar:/Users/bogdanpopescu/.m2/repository/io/netty/netty-resolver/4.1.53.Final/netty-resolver-4.1.53.Final.jar:/Users/bogdanpopescu/.m2/repository/io/opentelemetry/opentelemetry-api/0.9.1/opentelemetry-api-0.9.1.jar:/Users/bogdanpopescu/.m2/repository/io/opentelemetry/opentelemetry-context-prop/0.9.1/opentelemetry-context-prop-0.9.1.jar:/Users/bogdanpopescu/.m2/repository/io/opentelemetry/opentelemetry-sdk/0.9.1/opentelemetry-sdk-0.9.1.jar:/Users/bogdanpopescu/.m2/repository/io/opentelemetry/opentelemetry-sdk-common/0.9.1/opentelemetry-sdk-common-0.9.1.jar:/Users/bogdanpopescu/.m2/repository/io/opentelemetry/opentelemetry-sdk-baggage/0.9.1/opentelemetry-sdk-baggage-0.9.1.jar:/Users/bogdanpopescu/.m2/repository/io/opentelemetry/opentelemetry-sdk-metrics/0.9.1/opentelemetry-sdk-metrics-0.9.1.jar:/Users/bogdanpopescu/.m2/repository/io/opentelemetry/opentelemetry-sdk-tracing/0.9.1/opentelemetry-sdk-tracing-0.9.1.jar:/Users/bogdanpopescu/.m2/repository/io/projectreactor/netty/reactor-netty-http/1.0.0/reactor-netty-http-1.0.0.jar:/Users/bogdanpopescu/.m2/repository/io/netty/netty-codec-http2/4.1.53.Final/netty-codec-http2-4.1.53.Final.jar:/Users/bogdanpopescu/.m2/repository/io/netty/netty-resolver-dns/4.1.53.Final/netty-resolver-dns-4.1.53.Final.jar:/Users/bogdanpopescu/.m2/repository/io/netty/netty-codec-dns/4.1.53.Final/netty-codec-dns-4.1.53.Final.jar:/Users/bogdanpopescu/.m2/repository/io/projectreactor/netty/reactor-netty-core/1.0.0/reactor-netty-core-1.0.0.jar:/Users/bogdanpopescu/.m2/repository/io/projectreactor/netty/reactor-netty/1.0.0/reactor-netty-1.0.0.jar:/Users/bogdanpopescu/.m2/repository/io/projectreactor/netty/reactor-netty-http-brave/1.0.0/reactor-netty-http-brave-1.0.0.jar:/Users/bogdanpopescu/.m2/repository/io/zipkin/brave/brave-instrumentation-http/5.12.7/brave-instrumentation-http-5.12.7.jar:/Users/bogdanpopescu/.m2/repository/io/zipkin/brave/brave/5.12.7/brave-5.12.7.jar:/Users/bogdanpopescu/.m2/repository/io/zipkin/reporter2/zipkin-reporter-brave/2.15.2/zipkin-reporter-brave-2.15.2.jar:/Users/bogdanpopescu/.m2/repository/io/zipkin/reporter2/zipkin-reporter/2.15.2/zipkin-reporter-2.15.2.jar:/Users/bogdanpopescu/.m2/repository/io/zipkin/zipkin2/zipkin/2.21.7/zipkin-2.21.7.jar:/Users/bogdanpopescu/.m2/repository/io/projectreactor/reactor-core/3.4.0/reactor-core-3.4.0.jar:/Users/bogdanpopescu/.m2/repository/org/apache/commons/commons-exec/1.3/commons-exec-1.3.jar:/Users/bogdanpopescu/.m2/repository/org/asynchttpclient/async-http-client/2.12.1/async-http-client-2.12.1.jar:/Users/bogdanpopescu/.m2/repository/org/asynchttpclient/async-http-client-netty-utils/2.12.1/async-http-client-netty-utils-2.12.1.jar:/Users/bogdanpopescu/.m2/repository/io/netty/netty-codec-socks/4.1.48.Final/netty-codec-socks-4.1.48.Final.jar:/Users/bogdanpopescu/.m2/repository/io/netty/netty-handler-proxy/4.1.48.Final/netty-handler-proxy-4.1.48.Final.jar:/Users/bogdanpopescu/.m2/repository/org/slf4j/slf4j-api/1.7.30/slf4j-api-1.7.30.jar:/Users/bogdanpopescu/.m2/repository/com/sun/activation/javax.activation/1.2.0/javax.activation-1.2.0.jar:/Users/bogdanpopescu/.m2/repository/org/seleniumhq/selenium/selenium-safari-driver/4.0.0-alpha-7/selenium-safari-driver-4.0.0-alpha-7.jar:/Users/bogdanpopescu/.m2/repository/org/seleniumhq/selenium/selenium-support/4.0.0-alpha-7/selenium-support-4.0.0-alpha-7.jar:/Users/bogdanpopescu/.m2/repository/org/junit/jupiter/junit-jupiter/5.8.2/junit-jupiter-5.8.2.jar:/Users/bogdanpopescu/.m2/repository/org/junit/jupiter/junit-jupiter-params/5.8.2/junit-jupiter-params-5.8.2.jar:/Users/bogdanpopescu/.m2/repository/org/junit/jupiter/junit-jupiter-engine/5.8.2/junit-jupiter-engine-5.8.2.jar:/Users/bogdanpopescu/.m2/repository/org/junit/platform/junit-platform-engine/1.8.2/junit-platform-engine-1.8.2.jar:"/>
    <property name="java.vm.vendor" value="Oracle Corporation"/>
    <property name="sun.arch.data.model" value="64"/>
    <property name="java.vendor.url" value="http://java.oracle.com/"/>
    <property name="user.timezone" value=""/>
    <property name="java.vm.specification.version" value="1.8"/>
    <property name="os.name" value="Mac OS X"/>
    <property name="user.country" value="GB"/>
    <property name="sun.java.launcher" value="SUN_STANDARD"/>
    <property name="sun.boot.library.path" value="/Library/Java/JavaVirtualMachines/jdk1.8.0_251.jdk/Contents/Home/jre/lib"/>
    <property name="sun.java.command" value="/Users/bogdanpopescu/Documents/Documents – Bogdan’s MacBook Pro/MDX/Year 3/CST3130 -  Advanced Web Development with Big Data/cw1/code/coursework1/target/surefire/surefirebooter5778992402101977334.jar /Users/bogdanpopescu/Documents/Documents – Bogdan’s MacBook Pro/MDX/Year 3/CST3130 -  Advanced Web Development with Big Data/cw1/code/coursework1/target/surefire 2021-12-09T16-09-46_852-jvmRun1 surefire2862425827572300636tmp surefire_017471115426919665tmp"/>
    <property name="http.nonProxyHosts" value="local|*.local|169.254/16|*.169.254/16"/>
    <property name="surefire.test.class.path" value="/Users/bogdanpopescu/Documents/Documents – Bogdan’s MacBook Pro/MDX/Year 3/CST3130 -  Advanced Web Development with Big Data/cw1/code/coursework1/target/test-classes:/Users/bogdanpopescu/Documents/Documents – Bogdan’s MacBook Pro/MDX/Year 3/CST3130 -  Advanced Web Development with Big Data/cw1/code/coursework1/target/classes:/Users/bogdanpopescu/.m2/repository/org/jsoup/jsoup/1.14.3/jsoup-1.14.3.jar:/Users/bogdanpopescu/.m2/repository/org/tinylog/tinylog-api/2.1.2/tinylog-api-2.1.2.jar:/Users/bogdanpopescu/.m2/repository/org/tinylog/tinylog-impl/2.1.2/tinylog-impl-2.1.2.jar:/Users/bogdanpopescu/.m2/repository/org/junit/jupiter/junit-jupiter-api/5.8.1/junit-jupiter-api-5.8.1.jar:/Users/bogdanpopescu/.m2/repository/org/opentest4j/opentest4j/1.2.0/opentest4j-1.2.0.jar:/Users/bogdanpopescu/.m2/repository/org/junit/platform/junit-platform-commons/1.8.1/junit-platform-commons-1.8.1.jar:/Users/bogdanpopescu/.m2/repository/org/apiguardian/apiguardian-api/1.1.2/apiguardian-api-1.1.2.jar:/Users/bogdanpopescu/.m2/repository/org/springframework/spring-context/5.3.0/spring-context-5.3.0.jar:/Users/bogdanpopescu/.m2/repository/org/springframework/spring-aop/5.3.0/spring-aop-5.3.0.jar:/Users/bogdanpopescu/.m2/repository/org/springframework/spring-beans/5.3.0/spring-beans-5.3.0.jar:/Users/bogdanpopescu/.m2/repository/org/springframework/spring-core/5.3.0/spring-core-5.3.0.jar:/Users/bogdanpopescu/.m2/repository/org/springframework/spring-jcl/5.3.0/spring-jcl-5.3.0.jar:/Users/bogdanpopescu/.m2/repository/org/springframework/spring-expression/5.3.0/spring-expression-5.3.0.jar:/Users/bogdanpopescu/.m2/repository/org/hibernate/hibernate-core/5.4.23.Final/hibernate-core-5.4.23.Final.jar:/Users/bogdanpopescu/.m2/repository/org/jboss/logging/jboss-logging/3.4.1.Final/jboss-logging-3.4.1.Final.jar:/Users/bogdanpopescu/.m2/repository/javax/persistence/javax.persistence-api/2.2/javax.persistence-api-2.2.jar:/Users/bogdanpopescu/.m2/repository/org/javassist/javassist/3.24.0-GA/javassist-3.24.0-GA.jar:/Users/bogdanpopescu/.m2/repository/net/bytebuddy/byte-buddy/1.10.17/byte-buddy-1.10.17.jar:/Users/bogdanpopescu/.m2/repository/antlr/antlr/2.7.7/antlr-2.7.7.jar:/Users/bogdanpopescu/.m2/repository/org/jboss/spec/javax/transaction/jboss-transaction-api_1.2_spec/1.1.1.Final/jboss-transaction-api_1.2_spec-1.1.1.Final.jar:/Users/bogdanpopescu/.m2/repository/org/jboss/jandex/2.1.3.Final/jandex-2.1.3.Final.jar:/Users/bogdanpopescu/.m2/repository/com/fasterxml/classmate/1.5.1/classmate-1.5.1.jar:/Users/bogdanpopescu/.m2/repository/javax/activation/javax.activation-api/1.2.0/javax.activation-api-1.2.0.jar:/Users/bogdanpopescu/.m2/repository/org/dom4j/dom4j/2.1.3/dom4j-2.1.3.jar:/Users/bogdanpopescu/.m2/repository/org/hibernate/common/hibernate-commons-annotations/5.1.2.Final/hibernate-commons-annotations-5.1.2.Final.jar:/Users/bogdanpopescu/.m2/repository/javax/xml/bind/jaxb-api/2.3.1/jaxb-api-2.3.1.jar:/Users/bogdanpopescu/.m2/repository/org/glassfish/jaxb/jaxb-runtime/2.3.1/jaxb-runtime-2.3.1.jar:/Users/bogdanpopescu/.m2/repository/org/glassfish/jaxb/txw2/2.3.1/txw2-2.3.1.jar:/Users/bogdanpopescu/.m2/repository/com/sun/istack/istack-commons-runtime/3.0.7/istack-commons-runtime-3.0.7.jar:/Users/bogdanpopescu/.m2/repository/org/jvnet/staxex/stax-ex/1.8/stax-ex-1.8.jar:/Users/bogdanpopescu/.m2/repository/com/sun/xml/fastinfoset/FastInfoset/1.2.15/FastInfoset-1.2.15.jar:/Users/bogdanpopescu/.m2/repository/mysql/mysql-connector-java/8.0.22/mysql-connector-java-8.0.22.jar:/Users/bogdanpopescu/.m2/repository/com/google/protobuf/protobuf-java/3.11.4/protobuf-java-3.11.4.jar:/Users/bogdanpopescu/.m2/repository/org/seleniumhq/selenium/selenium-java/4.0.0-alpha-7/selenium-java-4.0.0-alpha-7.jar:/Users/bogdanpopescu/.m2/repository/org/seleniumhq/selenium/selenium-api/4.0.0-alpha-7/selenium-api-4.0.0-alpha-7.jar:/Users/bogdanpopescu/.m2/repository/org/seleniumhq/selenium/selenium-chrome-driver/4.0.0-alpha-7/selenium-chrome-driver-4.0.0-alpha-7.jar:/Users/bogdanpopescu/.m2/repository/com/google/auto/service/auto-service-annotations/1.0-rc7/auto-service-annotations-1.0-rc7.jar:/Users/bogdanpopescu/.m2/repository/com/google/auto/service/auto-service/1.0-rc7/auto-service-1.0-rc7.jar:/Users/bogdanpopescu/.m2/repository/com/google/auto/auto-common/0.10/auto-common-0.10.jar:/Users/bogdanpopescu/.m2/repository/com/google/guava/guava/30.0-jre/guava-30.0-jre.jar:/Users/bogdanpopescu/.m2/repository/com/google/guava/failureaccess/1.0.1/failureaccess-1.0.1.jar:/Users/bogdanpopescu/.m2/repository/com/google/guava/listenablefuture/9999.0-empty-to-avoid-conflict-with-guava/listenablefuture-9999.0-empty-to-avoid-conflict-with-guava.jar:/Users/bogdanpopescu/.m2/repository/com/google/code/findbugs/jsr305/3.0.2/jsr305-3.0.2.jar:/Users/bogdanpopescu/.m2/repository/org/checkerframework/checker-qual/3.5.0/checker-qual-3.5.0.jar:/Users/bogdanpopescu/.m2/repository/com/google/errorprone/error_prone_annotations/2.3.4/error_prone_annotations-2.3.4.jar:/Users/bogdanpopescu/.m2/repository/com/google/j2objc/j2objc-annotations/1.3/j2objc-annotations-1.3.jar:/Users/bogdanpopescu/.m2/repository/org/seleniumhq/selenium/selenium-chromium-driver/4.0.0-alpha-7/selenium-chromium-driver-4.0.0-alpha-7.jar:/Users/bogdanpopescu/.m2/repository/org/seleniumhq/selenium/selenium-devtools/4.0.0-alpha-7/selenium-devtools-4.0.0-alpha-7.jar:/Users/bogdanpopescu/.m2/repository/org/seleniumhq/selenium/selenium-http/4.0.0-alpha-7/selenium-http-4.0.0-alpha-7.jar:/Users/bogdanpopescu/.m2/repository/org/seleniumhq/selenium/selenium-json/4.0.0-alpha-7/selenium-json-4.0.0-alpha-7.jar:/Users/bogdanpopescu/.m2/repository/org/seleniumhq/selenium/selenium-devtools-v84/4.0.0-alpha-7/selenium-devtools-v84-4.0.0-alpha-7.jar:/Users/bogdanpopescu/.m2/repository/org/seleniumhq/selenium/selenium-devtools-v85/4.0.0-alpha-7/selenium-devtools-v85-4.0.0-alpha-7.jar:/Users/bogdanpopescu/.m2/repository/org/seleniumhq/selenium/selenium-devtools-v86/4.0.0-alpha-7/selenium-devtools-v86-4.0.0-alpha-7.jar:/Users/bogdanpopescu/.m2/repository/org/seleniumhq/selenium/selenium-devtools-v87/4.0.0-alpha-7/selenium-devtools-v87-4.0.0-alpha-7.jar:/Users/bogdanpopescu/.m2/repository/org/seleniumhq/selenium/selenium-edge-driver/4.0.0-alpha-7/selenium-edge-driver-4.0.0-alpha-7.jar:/Users/bogdanpopescu/.m2/repository/org/seleniumhq/selenium/selenium-edgehtml-driver/4.0.0-alpha-7/selenium-edgehtml-driver-4.0.0-alpha-7.jar:/Users/bogdanpopescu/.m2/repository/org/seleniumhq/selenium/selenium-firefox-driver/4.0.0-alpha-7/selenium-firefox-driver-4.0.0-alpha-7.jar:/Users/bogdanpopescu/.m2/repository/org/seleniumhq/selenium/selenium-firefox-xpi-driver/4.0.0-alpha-7/selenium-firefox-xpi-driver-4.0.0-alpha-7.jar:/Users/bogdanpopescu/.m2/repository/org/seleniumhq/selenium/selenium-ie-driver/4.0.0-alpha-7/selenium-ie-driver-4.0.0-alpha-7.jar:/Users/bogdanpopescu/.m2/repository/org/seleniumhq/selenium/selenium-opera-driver/4.0.0-alpha-7/selenium-opera-driver-4.0.0-alpha-7.jar:/Users/bogdanpopescu/.m2/repository/org/seleniumhq/selenium/selenium-remote-driver/4.0.0-alpha-7/selenium-remote-driver-4.0.0-alpha-7.jar:/Users/bogdanpopescu/.m2/repository/com/typesafe/netty/netty-reactive-streams/2.0.4/netty-reactive-streams-2.0.4.jar:/Users/bogdanpopescu/.m2/repository/io/netty/netty-handler/4.1.43.Final/netty-handler-4.1.43.Final.jar:/Users/bogdanpopescu/.m2/repository/org/reactivestreams/reactive-streams/1.0.3/reactive-streams-1.0.3.jar:/Users/bogdanpopescu/.m2/repository/io/grpc/grpc-context/1.32.1/grpc-context-1.32.1.jar:/Users/bogdanpopescu/.m2/repository/io/netty/netty-buffer/4.1.53.Final/netty-buffer-4.1.53.Final.jar:/Users/bogdanpopescu/.m2/repository/io/netty/netty-codec-http/4.1.53.Final/netty-codec-http-4.1.53.Final.jar:/Users/bogdanpopescu/.m2/repository/io/netty/netty-codec/4.1.53.Final/netty-codec-4.1.53.Final.jar:/Users/bogdanpopescu/.m2/repository/io/netty/netty-common/4.1.53.Final/netty-common-4.1.53.Final.jar:/Users/bogdanpopescu/.m2/repository/io/netty/netty-transport-native-epoll/4.1.53.Final/netty-transport-native-epoll-4.1.53.Final.jar:/Users/bogdanpopescu/.m2/repository/io/netty/netty-transport-native-epoll/4.1.53.Final/netty-transport-native-epoll-4.1.53.Final-linux-x86_64.jar:/Users/bogdanpopescu/.m2/repository/io/netty/netty-transport-native-kqueue/4.1.53.Final/netty-transport-native-kqueue-4.1.53.Final.jar:/Users/bogdanpopescu/.m2/repository/io/netty/netty-transport-native-kqueue/4.1.53.Final/netty-transport-native-kqueue-4.1.53.Final-osx-x86_64.jar:/Users/bogdanpopescu/.m2/repository/io/netty/netty-transport-native-unix-common/4.1.53.Final/netty-transport-native-unix-common-4.1.53.Final.jar:/Users/bogdanpopescu/.m2/repository/io/netty/netty-transport/4.1.53.Final/netty-transport-4.1.53.Final.jar:/Users/bogdanpopescu/.m2/repository/io/netty/netty-resolver/4.1.53.Final/netty-resolver-4.1.53.Final.jar:/Users/bogdanpopescu/.m2/repository/io/opentelemetry/opentelemetry-api/0.9.1/opentelemetry-api-0.9.1.jar:/Users/bogdanpopescu/.m2/repository/io/opentelemetry/opentelemetry-context-prop/0.9.1/opentelemetry-context-prop-0.9.1.jar:/Users/bogdanpopescu/.m2/repository/io/opentelemetry/opentelemetry-sdk/0.9.1/opentelemetry-sdk-0.9.1.jar:/Users/bogdanpopescu/.m2/repository/io/opentelemetry/opentelemetry-sdk-common/0.9.1/opentelemetry-sdk-common-0.9.1.jar:/Users/bogdanpopescu/.m2/repository/io/opentelemetry/opentelemetry-sdk-baggage/0.9.1/opentelemetry-sdk-baggage-0.9.1.jar:/Users/bogdanpopescu/.m2/repository/io/opentelemetry/opentelemetry-sdk-metrics/0.9.1/opentelemetry-sdk-metrics-0.9.1.jar:/Users/bogdanpopescu/.m2/repository/io/opentelemetry/opentelemetry-sdk-tracing/0.9.1/opentelemetry-sdk-tracing-0.9.1.jar:/Users/bogdanpopescu/.m2/repository/io/projectreactor/netty/reactor-netty-http/1.0.0/reactor-netty-http-1.0.0.jar:/Users/bogdanpopescu/.m2/repository/io/netty/netty-codec-http2/4.1.53.Final/netty-codec-http2-4.1.53.Final.jar:/Users/bogdanpopescu/.m2/repository/io/netty/netty-resolver-dns/4.1.53.Final/netty-resolver-dns-4.1.53.Final.jar:/Users/bogdanpopescu/.m2/repository/io/netty/netty-codec-dns/4.1.53.Final/netty-codec-dns-4.1.53.Final.jar:/Users/bogdanpopescu/.m2/repository/io/projectreactor/netty/reactor-netty-core/1.0.0/reactor-netty-core-1.0.0.jar:/Users/bogdanpopescu/.m2/repository/io/projectreactor/netty/reactor-netty/1.0.0/reactor-netty-1.0.0.jar:/Users/bogdanpopescu/.m2/repository/io/projectreactor/netty/reactor-netty-http-brave/1.0.0/reactor-netty-http-brave-1.0.0.jar:/Users/bogdanpopescu/.m2/repository/io/zipkin/brave/brave-instrumentation-http/5.12.7/brave-instrumentation-http-5.12.7.jar:/Users/bogdanpopescu/.m2/repository/io/zipkin/brave/brave/5.12.7/brave-5.12.7.jar:/Users/bogdanpopescu/.m2/repository/io/zipkin/reporter2/zipkin-reporter-brave/2.15.2/zipkin-reporter-brave-2.15.2.jar:/Users/bogdanpopescu/.m2/repository/io/zipkin/reporter2/zipkin-reporter/2.15.2/zipkin-reporter-2.15.2.jar:/Users/bogdanpopescu/.m2/repository/io/zipkin/zipkin2/zipkin/2.21.7/zipkin-2.21.7.jar:/Users/bogdanpopescu/.m2/repository/io/projectreactor/reactor-core/3.4.0/reactor-core-3.4.0.jar:/Users/bogdanpopescu/.m2/repository/org/apache/commons/commons-exec/1.3/commons-exec-1.3.jar:/Users/bogdanpopescu/.m2/repository/org/asynchttpclient/async-http-client/2.12.1/async-http-client-2.12.1.jar:/Users/bogdanpopescu/.m2/repository/org/asynchttpclient/async-http-client-netty-utils/2.12.1/async-http-client-netty-utils-2.12.1.jar:/Users/bogdanpopescu/.m2/repository/io/netty/netty-codec-socks/4.1.48.Final/netty-codec-socks-4.1.48.Final.jar:/Users/bogdanpopescu/.m2/repository/io/netty/netty-handler-proxy/4.1.48.Final/netty-handler-proxy-4.1.48.Final.jar:/Users/bogdanpopescu/.m2/repository/org/slf4j/slf4j-api/1.7.30/slf4j-api-1.7.30.jar:/Users/bogdanpopescu/.m2/repository/com/sun/activation/javax.activation/1.2.0/javax.activation-1.2.0.jar:/Users/bogdanpopescu/.m2/repository/org/seleniumhq/selenium/selenium-safari-driver/4.0.0-alpha-7/selenium-safari-driver-4.0.0-alpha-7.jar:/Users/bogdanpopescu/.m2/repository/org/seleniumhq/selenium/selenium-support/4.0.0-alpha-7/selenium-support-4.0.0-alpha-7.jar:/Users/bogdanpopescu/.m2/repository/org/junit/jupiter/junit-jupiter/5.8.2/junit-jupiter-5.8.2.jar:/Users/bogdanpopescu/.m2/repository/org/junit/jupiter/junit-jupiter-params/5.8.2/junit-jupiter-params-5.8.2.jar:/Users/bogdanpopescu/.m2/repository/org/junit/jupiter/junit-jupiter-engine/5.8.2/junit-jupiter-engine-5.8.2.jar:/Users/bogdanpopescu/.m2/repository/org/junit/platform/junit-platform-engine/1.8.2/junit-platform-engine-1.8.2.jar:"/>
    <property name="sun.cpu.endian" value="little"/>
    <property name="user.home" value="/Users/bogdanpopescu"/>
    <property name="user.language" value="en"/>
    <property name="java.specification.vendor" value="Oracle Corporation"/>
    <property name="java.home" value="/Library/Java/JavaVirtualMachines/jdk1.8.0_251.jdk/Contents/Home/jre"/>
    <property name="basedir" value="/Users/bogdanpopescu/Documents/Documents – Bogdan’s MacBook Pro/MDX/Year 3/CST3130 -  Advanced Web Development with Big Data/cw1/code/coursework1"/>
    <property name="file.separator" value="/"/>
    <property name="line.separator" value="&#10;"/>
    <property name="java.vm.specification.vendor" value="Oracle Corporation"/>
    <property name="java.specification.name" value="Java Platform API Specification"/>
    <property name="java.awt.graphicsenv" value="sun.awt.CGraphicsEnvironment"/>
    <property name="surefire.real.class.path" value="/Users/bogdanpopescu/Documents/Documents – Bogdan’s MacBook Pro/MDX/Year 3/CST3130 -  Advanced Web Development with Big Data/cw1/code/coursework1/target/surefire/surefirebooter5778992402101977334.jar"/>
    <property name="sun.boot.class.path" value="/Library/Java/JavaVirtualMachines/jdk1.8.0_251.jdk/Contents/Home/jre/lib/resources.jar:/Library/Java/JavaVirtualMachines/jdk1.8.0_251.jdk/Contents/Home/jre/lib/rt.jar:/Library/Java/JavaVirtualMachines/jdk1.8.0_251.jdk/Contents/Home/jre/lib/sunrsasign.jar:/Library/Java/JavaVirtualMachines/jdk1.8.0_251.jdk/Contents/Home/jre/lib/jsse.jar:/Library/Java/JavaVirtualMachines/jdk1.8.0_251.jdk/Contents/Home/jre/lib/jce.jar:/Library/Java/JavaVirtualMachines/jdk1.8.0_251.jdk/Contents/Home/jre/lib/charsets.jar:/Library/Java/JavaVirtualMachines/jdk1.8.0_251.jdk/Contents/Home/jre/lib/jfr.jar:/Library/Java/JavaVirtualMachines/jdk1.8.0_251.jdk/Contents/Home/jre/classes"/>
    <property name="sun.management.compiler" value="HotSpot 64-Bit Tiered Compilers"/>
    <property name="ftp.nonProxyHosts" value="local|*.local|169.254/16|*.169.254/16"/>
    <property name="java.runtime.version" value="1.8.0_251-b08"/>
    <property name="user.name" value="bogdanpopescu"/>
    <property name="path.separator" value=":"/>
    <property name="os.version" value="10.16"/>
    <property name="java.endorsed.dirs" value="/Library/Java/JavaVirtualMachines/jdk1.8.0_251.jdk/Contents/Home/jre/lib/endorsed"/>
    <property name="java.runtime.name" value="Java(TM) SE Runtime Environment"/>
    <property name="file.encoding" value="UTF-8"/>
    <property name="java.vm.name" value="Java HotSpot(TM) 64-Bit Server VM"/>
    <property name="localRepository" value="/Users/bogdanpopescu/.m2/repository"/>
    <property name="java.vendor.url.bug" value="http://bugreport.sun.com/bugreport/"/>
    <property name="java.io.tmpdir" value="/var/folders/3g/mh38h8k976g1lfypcs5j_8v00000gn/T/"/>
    <property name="idea.version" value="2021.2.2"/>
    <property name="java.version" value="1.8.0_251"/>
    <property name="user.dir" value="/Users/bogdanpopescu/Documents/Documents – Bogdan’s MacBook Pro/MDX/Year 3/CST3130 -  Advanced Web Development with Big Data/cw1/code/coursework1"/>
    <property name="os.arch" value="x86_64"/>
    <property name="java.vm.specification.name" value="Java Virtual Machine Specification"/>
    <property name="java.awt.printerjob" value="sun.lwawt.macosx.CPrinterJob"/>
    <property name="sun.os.patch.level" value="unknown"/>
    <property name="java.library.path" value="/Users/bogdanpopescu/Library/Java/Extensions:/Library/Java/Extensions:/Network/Library/Java/Extensions:/System/Library/Java/Extensions:/usr/lib/java:."/>
    <property name="java.vm.info" value="mixed mode"/>
    <property name="java.vendor" value="Oracle Corporation"/>
    <property name="java.vm.version" value="25.251-b08"/>
    <property name="java.ext.dirs" value="/Users/bogdanpopescu/Library/Java/Extensions:/Library/Java/JavaVirtualMachines/jdk1.8.0_251.jdk/Contents/Home/jre/lib/ext:/Library/Java/Extensions:/Network/Library/Java/Extensions:/System/Library/Java/Extensions:/usr/lib/java"/>
    <property name="sun.io.unicode.encoding" value="UnicodeBig"/>
    <property name="java.class.version" value="52.0"/>
    <property name="socksNonProxyHosts" value="local|*.local|169.254/16|*.169.254/16"/>
  </properties>
  <testcase name="testAddBikeComparison" classname="TestDAO" time="0.224"/>
  <testcase name="testUpdateBikeComparison" classname="TestDAO" time="0.149"/>
  <testcase name="testUpdateBikeInstance" classname="TestDAO" time="0.021"/>
  <testcase name="testAddBikeInstance" classname="TestDAO" time="0.006"/>
  <testcase name="testAddBikeModel" classname="TestDAO" time="0.007"/>
</testsuite>